<?xml version="1.0" encoding="UTF-8"?>
<!-- Generated by org.testng.reporters.JUnitReportReporter -->
<testsuite hostname="DESKTOP-5GNNL0S" failures="0" tests="3" name="com.store.Testcases.TC_ProductPageTest" time="3.758" errors="0" timestamp="2024-01-09T10:56:23 IST" skipped="2">
  <testcase classname="com.store.Testcases.TC_ProductPageTest" name="verifyAddToWishlistWithoutLogin" time="3.758"/>
  <testcase classname="com.store.Testcases.TC_ProductPageTest" name="VerifySearchProduct">
    <skipped/>
  </testcase> <!-- VerifySearchProduct -->
  <testcase classname="com.store.Testcases.TC_ProductPageTest" name="VerifyBuyProduct">
    <skipped/>
  </testcase> <!-- VerifyBuyProduct -->
</testsuite> <!-- com.store.Testcases.TC_ProductPageTest -->
